Arguments: 
  /usr/bin/node /usr/share/yarn/bin/yarn.js install

PATH: 
  /home/alireza/.pyenv/shims:/home/alireza/.pyenv/bin:/home/alireza/.pyenv/bin:/home/linuxbrew/.linuxbrew/bin:/home/linuxbrew/.linuxbrew/sbin:/usr/local/sbin:/usr/local/bin:/usr/sbin:/usr/bin:/sbin:/bin:/usr/games:/usr/local/games:/snap/bin:/snap/bin

Yarn version: 
  1.22.19

Node version: 
  18.13.0

Platform: 
  linux x64

Trace: 
  Error: unable to verify the first certificate
      at TLSSocket.onConnectSecure (node:_tls_wrap:1545:34)
      at TLSSocket.emit (node:events:513:28)
      at TLSSocket._finishInit (node:_tls_wrap:959:8)
      at ssl.onhandshakedone (node:_tls_wrap:743:12)

npm manifest: 
  {
    "name": "Snappfood_Proj",
    "version": "4.36.1",
    "main": "index.js",
    "repository": "github.com/nikanv/snappfood",
    "author": "Nikan_Nima_AliReza",
    "license": "SUT",
    "private": true,
    "scripts": {
      "dev": "nuxt --port 6969",
      "dev-lts": "SET NODE_OPTIONS=--openssl-legacy-provider && nuxt --port 6969",
      "dev-external": "SET NUXT_HOST=0.0.0.0 && nuxt --port 6969",
      "devex": "cross-env NUXT_HOST=0.0.0.0 NUXT_PORT=3333 nuxt",
      "build": "nuxt build",
      "start": "nuxt start --port 6969",
      "generate": "nuxt generate",
      "generate-lts": "SET NODE_OPTIONS=--openssl-legacy-provider && nuxt generate",
      "lint:js": "eslint --ext .js,.vue --ignore-path .gitignore .",
      "lint:style": "stylelint **/*.{vue,css} --ignore-path .gitignore",
      "lint": "yarn lint:js && yarn lint:style",
      "test": "exit 0",
      "analyze": "nuxt build --analyze",
      "release": "commit-and-tag-version"
    },
    "dependencies": {
      "@hcaptcha/vue-hcaptcha": "^0.3.2",
      "@nuxtjs/axios": "^5.13.6",
      "@nuxtjs/firebase": "^8.2.2",
      "@nuxtjs/i18n": "^7.2.0",
      "@nuxtjs/markdownit": "^2.0.0",
      "@nuxtjs/pwa": "^3.3.5",
      "@nuxtjs/recaptcha": "^1.1.1",
      "@nuxtjs/sentry": "^5.1.7",
      "@nuxtjs/sitemap": "^2.4.0",
      "arcaptcha-vue": "^0.0.7",
      "bootstrap": "^4.6.0",
      "chart.js": "^2.9.4",
      "core-js": "^3.23.3",
      "decimal.js": "^10.3.1",
      "deepmerge": "^4.2.2",
      "firebase": "^9.8.3",
      "highcharts": "^10.3.2",
      "howler": "^2.2.3",
      "jwt-decode": "^3.1.2",
      "largest-remainder-round": "^1.1.0",
      "moment-jalaali": "^0.9.6",
      "nuxt": "^2.15.8",
      "nuxt-highcharts": "^2.0.4",
      "qrcode.vue": "^1.7.0",
      "swiper": "5.3.7",
      "text-mask-addons": "^3.8.0",
      "uuid": "^8.3.2",
      "v-click-outside": "^3.2.0",
      "v-mask": "^2.3.0",
      "vue-awesome-swiper": "^4.1.0",
      "vue-carousel": "^0.18.0",
      "vue-chartjs": "^3.5.1",
      "vue-persian-datetime-picker": "^2.10.4",
      "vue-select": "^3.20.0",
      "vue-slider-component": "^3.2.16",
      "vue-tour": "^2.0.0",
      "vuejs-progress-bar": "^1.2.8",
      "vuelidate": "^0.7.7"
    },
    "devDependencies": {
      "@commitlint/cli": "^11.0.0",
      "@commitlint/config-conventional": "^11.0.0",
      "@nuxt/types": "~2.15.8",
      "@nuxtjs/eslint-config": "^5.0.0",
      "@nuxtjs/eslint-module": "^2.0.0",
      "@nuxtjs/google-analytics": "^2.4.0",
      "@nuxtjs/style-resources": "^1.2.1",
      "@nuxtjs/stylelint-module": "^4.0.0",
      "@sentry/webpack-plugin": "^1.18.8",
      "babel-eslint": "^10.1.0",
      "commit-and-tag-version": "^10.1.0",
      "cross-env": "^7.0.3",
      "eslint": "^7.8.1",
      "eslint-plugin-nuxt": "^1.0.0",
      "sass": "~1.32.6",
      "sass-loader": "10.1.1",
      "stylelint": "^13.8.0",
      "stylelint-config-standard": "^20.0.0",
      "vue-js-modal": "^2.0.1",
      "vue2-touch-events": "^3.2.2",
      "webpack-bundle-analyzer": "^4.7.0"
    }
  }

yarn manifest: 
  No manifest

Lockfile: 
  No lockfile
